<?xml version="1.0" encoding="UTF-8"?>
<coverage generated="1706615014228" clover="3.2.0">
  <project timestamp="1706615014228" name="All files">
    <metrics statements="184" coveredstatements="124" conditionals="33" coveredconditionals="13" methods="53" coveredmethods="28" elements="270" coveredelements="165" complexity="0" loc="184" ncloc="184" packages="18" files="54" classes="54"/>
    <package name="assets">
      <metrics statements="48" coveredstatements="37" conditionals="0" coveredconditionals="0" methods="13" coveredmethods="2"/>
      <file name="background.png" path="/home/rafaelpalma/Documents/iweather/src/assets/background.png">
        <metrics statements="1" coveredstatements="1" conditionals="0" coveredconditionals="0" methods="0" coveredmethods="0"/>
        <line num="1" count="1" type="stmt"/>
      </file>
      <file name="bg_clear_day.png" path="/home/rafaelpalma/Documents/iweather/src/assets/bg_clear_day.png">
        <metrics statements="1" coveredstatements="1" conditionals="0" coveredconditionals="0" methods="0" coveredmethods="0"/>
        <line num="1" count="2" type="stmt"/>
      </file>
      <file name="bg_clear_night.png" path="/home/rafaelpalma/Documents/iweather/src/assets/bg_clear_night.png">
        <metrics statements="1" coveredstatements="1" conditionals="0" coveredconditionals="0" methods="0" coveredmethods="0"/>
        <line num="1" count="2" type="stmt"/>
      </file>
      <file name="bg_cloudy_day.png" path="/home/rafaelpalma/Documents/iweather/src/assets/bg_cloudy_day.png">
        <metrics statements="1" coveredstatements="1" conditionals="0" coveredconditionals="0" methods="0" coveredmethods="0"/>
        <line num="1" count="2" type="stmt"/>
      </file>
      <file name="bg_cloudy_night.png" path="/home/rafaelpalma/Documents/iweather/src/assets/bg_cloudy_night.png">
        <metrics statements="1" coveredstatements="1" conditionals="0" coveredconditionals="0" methods="0" coveredmethods="0"/>
        <line num="1" count="2" type="stmt"/>
      </file>
      <file name="bg_rain_day.png" path="/home/rafaelpalma/Documents/iweather/src/assets/bg_rain_day.png">
        <metrics statements="1" coveredstatements="1" conditionals="0" coveredconditionals="0" methods="0" coveredmethods="0"/>
        <line num="1" count="2" type="stmt"/>
      </file>
      <file name="bg_rain_night.png" path="/home/rafaelpalma/Documents/iweather/src/assets/bg_rain_night.png">
        <metrics statements="1" coveredstatements="1" conditionals="0" coveredconditionals="0" methods="0" coveredmethods="0"/>
        <line num="1" count="2" type="stmt"/>
      </file>
      <file name="bg_snow_day.png" path="/home/rafaelpalma/Documents/iweather/src/assets/bg_snow_day.png">
        <metrics statements="1" coveredstatements="1" conditionals="0" coveredconditionals="0" methods="0" coveredmethods="0"/>
        <line num="1" count="2" type="stmt"/>
      </file>
      <file name="bg_snow_night.png" path="/home/rafaelpalma/Documents/iweather/src/assets/bg_snow_night.png">
        <metrics statements="1" coveredstatements="1" conditionals="0" coveredconditionals="0" methods="0" coveredmethods="0"/>
        <line num="1" count="2" type="stmt"/>
      </file>
      <file name="clear_day.svg" path="/home/rafaelpalma/Documents/iweather/src/assets/clear_day.svg">
        <metrics statements="3" coveredstatements="3" conditionals="0" coveredconditionals="0" methods="1" coveredmethods="1"/>
        <line num="2" count="4" type="stmt"/>
        <line num="4" count="6" type="stmt"/>
        <line num="9" count="4" type="stmt"/>
      </file>
      <file name="clear_night.svg" path="/home/rafaelpalma/Documents/iweather/src/assets/clear_night.svg">
        <metrics statements="3" coveredstatements="2" conditionals="0" coveredconditionals="0" methods="1" coveredmethods="0"/>
        <line num="2" count="2" type="stmt"/>
        <line num="4" count="0" type="stmt"/>
        <line num="9" count="2" type="stmt"/>
      </file>
      <file name="cloudy_day.svg" path="/home/rafaelpalma/Documents/iweather/src/assets/cloudy_day.svg">
        <metrics statements="3" coveredstatements="2" conditionals="0" coveredconditionals="0" methods="1" coveredmethods="0"/>
        <line num="2" count="2" type="stmt"/>
        <line num="4" count="0" type="stmt"/>
        <line num="9" count="2" type="stmt"/>
      </file>
      <file name="cloudy_night.svg" path="/home/rafaelpalma/Documents/iweather/src/assets/cloudy_night.svg">
        <metrics statements="3" coveredstatements="2" conditionals="0" coveredconditionals="0" methods="1" coveredmethods="0"/>
        <line num="2" count="2" type="stmt"/>
        <line num="4" count="0" type="stmt"/>
        <line num="9" count="2" type="stmt"/>
      </file>
      <file name="drop.svg" path="/home/rafaelpalma/Documents/iweather/src/assets/drop.svg">
        <metrics statements="3" coveredstatements="2" conditionals="0" coveredconditionals="0" methods="1" coveredmethods="0"/>
        <line num="2" count="1" type="stmt"/>
        <line num="4" count="0" type="stmt"/>
        <line num="9" count="1" type="stmt"/>
      </file>
      <file name="logo.svg" path="/home/rafaelpalma/Documents/iweather/src/assets/logo.svg">
        <metrics statements="3" coveredstatements="3" conditionals="0" coveredconditionals="0" methods="1" coveredmethods="1"/>
        <line num="2" count="1" type="stmt"/>
        <line num="4" count="2" type="stmt"/>
        <line num="9" count="1" type="stmt"/>
      </file>
      <file name="rain.svg" path="/home/rafaelpalma/Documents/iweather/src/assets/rain.svg">
        <metrics statements="3" coveredstatements="2" conditionals="0" coveredconditionals="0" methods="1" coveredmethods="0"/>
        <line num="2" count="1" type="stmt"/>
        <line num="4" count="0" type="stmt"/>
        <line num="9" count="1" type="stmt"/>
      </file>
      <file name="rain_moment_day.svg" path="/home/rafaelpalma/Documents/iweather/src/assets/rain_moment_day.svg">
        <metrics statements="3" coveredstatements="2" conditionals="0" coveredconditionals="0" methods="1" coveredmethods="0"/>
        <line num="2" count="2" type="stmt"/>
        <line num="4" count="0" type="stmt"/>
        <line num="9" count="2" type="stmt"/>
      </file>
      <file name="snow_day.svg" path="/home/rafaelpalma/Documents/iweather/src/assets/snow_day.svg">
        <metrics statements="3" coveredstatements="2" conditionals="0" coveredconditionals="0" methods="1" coveredmethods="0"/>
        <line num="2" count="2" type="stmt"/>
        <line num="4" count="0" type="stmt"/>
        <line num="9" count="2" type="stmt"/>
      </file>
      <file name="snow_night.svg" path="/home/rafaelpalma/Documents/iweather/src/assets/snow_night.svg">
        <metrics statements="3" coveredstatements="2" conditionals="0" coveredconditionals="0" methods="1" coveredmethods="0"/>
        <line num="2" count="2" type="stmt"/>
        <line num="4" count="0" type="stmt"/>
        <line num="9" count="2" type="stmt"/>
      </file>
      <file name="sun.svg" path="/home/rafaelpalma/Documents/iweather/src/assets/sun.svg">
        <metrics statements="3" coveredstatements="2" conditionals="0" coveredconditionals="0" methods="1" coveredmethods="0"/>
        <line num="2" count="1" type="stmt"/>
        <line num="4" count="0" type="stmt"/>
        <line num="9" count="1" type="stmt"/>
      </file>
      <file name="thermometer.svg" path="/home/rafaelpalma/Documents/iweather/src/assets/thermometer.svg">
        <metrics statements="3" coveredstatements="2" conditionals="0" coveredconditionals="0" methods="1" coveredmethods="0"/>
        <line num="2" count="1" type="stmt"/>
        <line num="4" count="0" type="stmt"/>
        <line num="9" count="1" type="stmt"/>
      </file>
      <file name="wind.svg" path="/home/rafaelpalma/Documents/iweather/src/assets/wind.svg">
        <metrics statements="3" coveredstatements="2" conditionals="0" coveredconditionals="0" methods="1" coveredmethods="0"/>
        <line num="2" count="1" type="stmt"/>
        <line num="4" count="0" type="stmt"/>
        <line num="9" count="1" type="stmt"/>
      </file>
    </package>
    <package name="components.Day">
      <metrics statements="3" coveredstatements="3" conditionals="0" coveredconditionals="0" methods="1" coveredmethods="1"/>
      <file name="index.tsx" path="/home/rafaelpalma/Documents/iweather/src/components/Day/index.tsx">
        <metrics statements="2" coveredstatements="2" conditionals="0" coveredconditionals="0" methods="1" coveredmethods="1"/>
        <line num="19" count="6" type="stmt"/>
        <line num="21" count="6" type="stmt"/>
      </file>
      <file name="styles.ts" path="/home/rafaelpalma/Documents/iweather/src/components/Day/styles.ts">
        <metrics statements="1" coveredstatements="1" conditionals="0" coveredconditionals="0" methods="0" coveredmethods="0"/>
        <line num="4" count="3" type="stmt"/>
      </file>
    </package>
    <package name="components.Input">
      <metrics statements="2" coveredstatements="2" conditionals="3" coveredconditionals="3" methods="1" coveredmethods="1"/>
      <file name="index.tsx" path="/home/rafaelpalma/Documents/iweather/src/components/Input/index.tsx">
        <metrics statements="1" coveredstatements="1" conditionals="3" coveredconditionals="3" methods="1" coveredmethods="1"/>
        <line num="11" count="6" type="stmt"/>
      </file>
      <file name="styles.ts" path="/home/rafaelpalma/Documents/iweather/src/components/Input/styles.ts">
        <metrics statements="1" coveredstatements="1" conditionals="0" coveredconditionals="0" methods="0" coveredmethods="0"/>
        <line num="4" count="3" type="stmt"/>
      </file>
    </package>
    <package name="components.Loading">
      <metrics statements="2" coveredstatements="2" conditionals="0" coveredconditionals="0" methods="1" coveredmethods="1"/>
      <file name="index.tsx" path="/home/rafaelpalma/Documents/iweather/src/components/Loading/index.tsx">
        <metrics statements="1" coveredstatements="1" conditionals="0" coveredconditionals="0" methods="1" coveredmethods="1"/>
        <line num="7" count="1" type="stmt"/>
      </file>
      <file name="styles.ts" path="/home/rafaelpalma/Documents/iweather/src/components/Loading/styles.ts">
        <metrics statements="1" coveredstatements="1" conditionals="0" coveredconditionals="0" methods="0" coveredmethods="0"/>
        <line num="4" count="2" type="stmt"/>
      </file>
    </package>
    <package name="components.NextDays">
      <metrics statements="4" coveredstatements="4" conditionals="0" coveredconditionals="0" methods="2" coveredmethods="2"/>
      <file name="index.tsx" path="/home/rafaelpalma/Documents/iweather/src/components/NextDays/index.tsx">
        <metrics statements="3" coveredstatements="3" conditionals="0" coveredconditionals="0" methods="2" coveredmethods="2"/>
        <line num="12" count="1" type="stmt"/>
        <line num="13" count="1" type="stmt"/>
        <line num="17" count="5" type="stmt"/>
      </file>
      <file name="styles.ts" path="/home/rafaelpalma/Documents/iweather/src/components/NextDays/styles.ts">
        <metrics statements="1" coveredstatements="1" conditionals="0" coveredconditionals="0" methods="0" coveredmethods="0"/>
        <line num="4" count="2" type="stmt"/>
      </file>
    </package>
    <package name="components.SelectList">
      <metrics statements="4" coveredstatements="4" conditionals="0" coveredconditionals="0" methods="3" coveredmethods="3"/>
      <file name="index.tsx" path="/home/rafaelpalma/Documents/iweather/src/components/SelectList/index.tsx">
        <metrics statements="3" coveredstatements="3" conditionals="0" coveredconditionals="0" methods="3" coveredmethods="3"/>
        <line num="18" count="4" type="stmt"/>
        <line num="30" count="3" type="stmt"/>
        <line num="33" count="1" type="stmt"/>
      </file>
      <file name="styles.ts" path="/home/rafaelpalma/Documents/iweather/src/components/SelectList/styles.ts">
        <metrics statements="1" coveredstatements="1" conditionals="0" coveredconditionals="0" methods="0" coveredmethods="0"/>
        <line num="4" count="2" type="stmt"/>
      </file>
    </package>
    <package name="components.WeatherDetails">
      <metrics statements="2" coveredstatements="1" conditionals="0" coveredconditionals="0" methods="1" coveredmethods="0"/>
      <file name="index.tsx" path="/home/rafaelpalma/Documents/iweather/src/components/WeatherDetails/index.tsx">
        <metrics statements="1" coveredstatements="0" conditionals="0" coveredconditionals="0" methods="1" coveredmethods="0"/>
        <line num="26" count="0" type="stmt"/>
      </file>
      <file name="styles.ts" path="/home/rafaelpalma/Documents/iweather/src/components/WeatherDetails/styles.ts">
        <metrics statements="1" coveredstatements="1" conditionals="0" coveredconditionals="0" methods="0" coveredmethods="0"/>
        <line num="4" count="1" type="stmt"/>
      </file>
    </package>
    <package name="components.WeatherItem">
      <metrics statements="6" coveredstatements="1" conditionals="3" coveredconditionals="0" methods="1" coveredmethods="0"/>
      <file name="index.tsx" path="/home/rafaelpalma/Documents/iweather/src/components/WeatherItem/index.tsx">
        <metrics statements="5" coveredstatements="0" conditionals="3" coveredconditionals="0" methods="1" coveredmethods="0"/>
        <line num="14" count="0" type="stmt"/>
        <line num="15" count="0" type="stmt"/>
        <line num="16" count="0" type="stmt"/>
        <line num="17" count="0" type="stmt"/>
        <line num="18" count="0" type="stmt"/>
      </file>
      <file name="styles.ts" path="/home/rafaelpalma/Documents/iweather/src/components/WeatherItem/styles.ts">
        <metrics statements="1" coveredstatements="1" conditionals="0" coveredconditionals="0" methods="0" coveredmethods="0"/>
        <line num="4" count="1" type="stmt"/>
      </file>
    </package>
    <package name="components.WeatherToday">
      <metrics statements="6" coveredstatements="1" conditionals="4" coveredconditionals="0" methods="1" coveredmethods="0"/>
      <file name="index.tsx" path="/home/rafaelpalma/Documents/iweather/src/components/WeatherToday/index.tsx">
        <metrics statements="5" coveredstatements="0" conditionals="4" coveredconditionals="0" methods="1" coveredmethods="0"/>
        <line num="23" count="0" type="stmt"/>
        <line num="24" count="0" type="stmt"/>
        <line num="26" count="0" type="cond" truecount="0" falsecount="2"/>
        <line num="27" count="0" type="cond" truecount="0" falsecount="2"/>
        <line num="29" count="0" type="stmt"/>
      </file>
      <file name="styles.ts" path="/home/rafaelpalma/Documents/iweather/src/components/WeatherToday/styles.ts">
        <metrics statements="1" coveredstatements="1" conditionals="0" coveredconditionals="0" methods="0" coveredmethods="0"/>
        <line num="4" count="1" type="stmt"/>
      </file>
    </package>
    <package name="contexts">
      <metrics statements="15" coveredstatements="15" conditionals="0" coveredconditionals="0" methods="5" coveredmethods="5"/>
      <file name="CityContext.tsx" path="/home/rafaelpalma/Documents/iweather/src/contexts/CityContext.tsx">
        <metrics statements="15" coveredstatements="15" conditionals="0" coveredconditionals="0" methods="5" coveredmethods="5"/>
        <line num="16" count="2" type="stmt"/>
        <line num="19" count="6" type="stmt"/>
        <line num="20" count="6" type="stmt"/>
        <line num="23" count="1" type="stmt"/>
        <line num="24" count="1" type="stmt"/>
        <line num="26" count="1" type="stmt"/>
        <line num="27" count="1" type="stmt"/>
        <line num="29" count="1" type="stmt"/>
        <line num="32" count="6" type="stmt"/>
        <line num="33" count="2" type="stmt"/>
        <line num="35" count="2" type="stmt"/>
        <line num="37" count="2" type="stmt"/>
        <line num="38" count="2" type="stmt"/>
        <line num="39" count="2" type="stmt"/>
        <line num="42" count="6" type="stmt"/>
      </file>
    </package>
    <package name="hooks">
      <metrics statements="2" coveredstatements="2" conditionals="0" coveredconditionals="0" methods="1" coveredmethods="1"/>
      <file name="useCity.ts" path="/home/rafaelpalma/Documents/iweather/src/hooks/useCity.ts">
        <metrics statements="2" coveredstatements="2" conditionals="0" coveredconditionals="0" methods="1" coveredmethods="1"/>
        <line num="6" count="7" type="stmt"/>
        <line num="8" count="7" type="stmt"/>
      </file>
    </package>
    <package name="libs.asyncStorage">
      <metrics statements="6" coveredstatements="6" conditionals="2" coveredconditionals="2" methods="3" coveredmethods="3"/>
      <file name="cityStorage.ts" path="/home/rafaelpalma/Documents/iweather/src/libs/asyncStorage/cityStorage.ts">
        <metrics statements="6" coveredstatements="6" conditionals="2" coveredconditionals="2" methods="3" coveredmethods="3"/>
        <line num="4" count="3" type="stmt"/>
        <line num="7" count="5" type="stmt"/>
        <line num="9" count="5" type="cond" truecount="2" falsecount="0"/>
        <line num="11" count="5" type="stmt"/>
        <line num="15" count="3" type="stmt"/>
        <line num="19" count="3" type="stmt"/>
      </file>
    </package>
    <package name="routes">
      <metrics statements="5" coveredstatements="5" conditionals="2" coveredconditionals="1" methods="2" coveredmethods="2"/>
      <file name="app.routes.tsx" path="/home/rafaelpalma/Documents/iweather/src/routes/app.routes.tsx">
        <metrics statements="2" coveredstatements="2" conditionals="0" coveredconditionals="0" methods="1" coveredmethods="1"/>
        <line num="6" count="1" type="stmt"/>
        <line num="9" count="2" type="stmt"/>
      </file>
      <file name="index.tsx" path="/home/rafaelpalma/Documents/iweather/src/routes/index.tsx">
        <metrics statements="3" coveredstatements="3" conditionals="2" coveredconditionals="1" methods="1" coveredmethods="1"/>
        <line num="12" count="2" type="stmt"/>
        <line num="13" count="2" type="stmt"/>
        <line num="15" count="2" type="stmt"/>
      </file>
    </package>
    <package name="screens.Dashboard">
      <metrics statements="32" coveredstatements="1" conditionals="9" coveredconditionals="0" methods="8" coveredmethods="0"/>
      <file name="index.tsx" path="/home/rafaelpalma/Documents/iweather/src/screens/Dashboard/index.tsx">
        <metrics statements="31" coveredstatements="0" conditionals="9" coveredconditionals="0" methods="8" coveredmethods="0"/>
        <line num="17" count="0" type="stmt"/>
        <line num="18" count="0" type="stmt"/>
        <line num="19" count="0" type="stmt"/>
        <line num="20" count="0" type="stmt"/>
        <line num="21" count="0" type="stmt"/>
        <line num="23" count="0" type="stmt"/>
        <line num="26" count="0" type="stmt"/>
        <line num="27" count="0" type="stmt"/>
        <line num="28" count="0" type="stmt"/>
        <line num="32" count="0" type="cond" truecount="0" falsecount="2"/>
        <line num="33" count="0" type="stmt"/>
        <line num="36" count="0" type="stmt"/>
        <line num="38" count="0" type="stmt"/>
        <line num="39" count="0" type="stmt"/>
        <line num="41" count="0" type="stmt"/>
        <line num="42" count="0" type="stmt"/>
        <line num="46" count="0" type="stmt"/>
        <line num="48" count="0" type="stmt"/>
        <line num="50" count="0" type="stmt"/>
        <line num="51" count="0" type="stmt"/>
        <line num="54" count="0" type="stmt"/>
        <line num="55" count="0" type="cond" truecount="0" falsecount="2"/>
        <line num="56" count="0" type="stmt"/>
        <line num="59" count="0" type="stmt"/>
        <line num="60" count="0" type="stmt"/>
        <line num="62" count="0" type="stmt"/>
        <line num="65" count="0" type="stmt"/>
        <line num="66" count="0" type="stmt"/>
        <line num="69" count="0" type="cond" truecount="0" falsecount="5"/>
        <line num="70" count="0" type="stmt"/>
        <line num="73" count="0" type="stmt"/>
      </file>
      <file name="styles.ts" path="/home/rafaelpalma/Documents/iweather/src/screens/Dashboard/styles.ts">
        <metrics statements="1" coveredstatements="1" conditionals="0" coveredconditionals="0" methods="0" coveredmethods="0"/>
        <line num="4" count="1" type="stmt"/>
      </file>
    </package>
    <package name="screens.Search">
      <metrics statements="16" coveredstatements="10" conditionals="2" coveredconditionals="1" methods="5" coveredmethods="2"/>
      <file name="index.tsx" path="/home/rafaelpalma/Documents/iweather/src/screens/Search/index.tsx">
        <metrics statements="14" coveredstatements="8" conditionals="2" coveredconditionals="1" methods="5" coveredmethods="2"/>
        <line num="14" count="2" type="stmt"/>
        <line num="15" count="2" type="stmt"/>
        <line num="16" count="2" type="stmt"/>
        <line num="18" count="2" type="stmt"/>
        <line num="21" count="0" type="stmt"/>
        <line num="23" count="0" type="stmt"/>
        <line num="25" count="0" type="stmt"/>
        <line num="26" count="0" type="stmt"/>
        <line num="29" count="2" type="stmt"/>
        <line num="30" count="1" type="cond" truecount="1" falsecount="1"/>
        <line num="31" count="1" type="stmt"/>
        <line num="34" count="0" type="stmt"/>
        <line num="36" count="0" type="stmt"/>
        <line num="39" count="2" type="stmt"/>
      </file>
      <file name="styles.ts" path="/home/rafaelpalma/Documents/iweather/src/screens/Search/styles.ts">
        <metrics statements="2" coveredstatements="2" conditionals="0" coveredconditionals="0" methods="0" coveredmethods="0"/>
        <line num="4" count="1" type="stmt"/>
        <line num="6" count="1" type="stmt"/>
      </file>
    </package>
    <package name="services">
      <metrics statements="20" coveredstatements="19" conditionals="6" coveredconditionals="5" methods="3" coveredmethods="3"/>
      <file name="api.ts" path="/home/rafaelpalma/Documents/iweather/src/services/api.ts">
        <metrics statements="1" coveredstatements="1" conditionals="0" coveredconditionals="0" methods="0" coveredmethods="0"/>
        <line num="3" count="3" type="stmt"/>
      </file>
      <file name="getCityByNameService.ts" path="/home/rafaelpalma/Documents/iweather/src/services/getCityByNameService.ts">
        <metrics statements="5" coveredstatements="4" conditionals="2" coveredconditionals="1" methods="1" coveredmethods="1"/>
        <line num="23" count="1" type="stmt"/>
        <line num="24" count="1" type="stmt"/>
        <line num="26" count="1" type="stmt"/>
        <line num="33" count="1" type="stmt"/>
        <line num="35" count="0" type="stmt"/>
      </file>
      <file name="getWeatherByCityService.ts" path="/home/rafaelpalma/Documents/iweather/src/services/getWeatherByCityService.ts">
        <metrics statements="14" coveredstatements="14" conditionals="4" coveredconditionals="4" methods="2" coveredmethods="2"/>
        <line num="49" count="1" type="stmt"/>
        <line num="53" count="1" type="stmt"/>
        <line num="55" count="1" type="stmt"/>
        <line num="72" count="1" type="stmt"/>
        <line num="73" count="1" type="stmt"/>
        <line num="74" count="1" type="stmt"/>
        <line num="76" count="1" type="stmt"/>
        <line num="77" count="2" type="stmt"/>
        <line num="79" count="2" type="cond" truecount="4" falsecount="0"/>
        <line num="80" count="1" type="stmt"/>
        <line num="82" count="1" type="stmt"/>
        <line num="84" count="1" type="stmt"/>
        <line num="86" count="1" type="stmt"/>
        <line num="96" count="1" type="stmt"/>
      </file>
    </package>
    <package name="styles">
      <metrics statements="1" coveredstatements="1" conditionals="0" coveredconditionals="0" methods="0" coveredmethods="0"/>
      <file name="theme.ts" path="/home/rafaelpalma/Documents/iweather/src/styles/theme.ts">
        <metrics statements="1" coveredstatements="1" conditionals="0" coveredconditionals="0" methods="0" coveredmethods="0"/>
        <line num="1" count="6" type="stmt"/>
      </file>
    </package>
    <package name="utils">
      <metrics statements="10" coveredstatements="10" conditionals="2" coveredconditionals="1" methods="2" coveredmethods="2"/>
      <file name="getNextDays.ts" path="/home/rafaelpalma/Documents/iweather/src/utils/getNextDays.ts">
        <metrics statements="7" coveredstatements="7" conditionals="0" coveredconditionals="0" methods="1" coveredmethods="1"/>
        <line num="4" count="2" type="stmt"/>
        <line num="5" count="2" type="stmt"/>
        <line num="7" count="2" type="stmt"/>
        <line num="8" count="10" type="stmt"/>
        <line num="10" count="10" type="stmt"/>
        <line num="12" count="10" type="stmt"/>
        <line num="15" count="2" type="stmt"/>
      </file>
      <file name="isDayTime.ts" path="/home/rafaelpalma/Documents/iweather/src/utils/isDayTime.ts">
        <metrics statements="2" coveredstatements="2" conditionals="2" coveredconditionals="1" methods="1" coveredmethods="1"/>
        <line num="2" count="2" type="stmt"/>
        <line num="3" count="2" type="cond" truecount="1" falsecount="1"/>
      </file>
      <file name="weatherIcons.ts" path="/home/rafaelpalma/Documents/iweather/src/utils/weatherIcons.ts">
        <metrics statements="1" coveredstatements="1" conditionals="0" coveredconditionals="0" methods="0" coveredmethods="0"/>
        <line num="20" count="2" type="stmt"/>
      </file>
    </package>
  </project>
</coverage>
