{"/home/rafaelpalma/Documents/iweather/src/assets/background.png": {"path":"/home/rafaelpalma/Documents/iweather/src/assets/background.png","statementMap":{"0":{"start":{"line":1,"column":0},"end":{"line":1,"column":19}}},"fnMap":{},"branchMap":{},"s":{"0":1},"f":{},"b":{},"_coverageSchema":"1a1c01bbd47fc00a2c39e90264f33305004495a9","hash":"564ee92268a2e43d47cdf591a5472a7651217dd0"}
,"/home/rafaelpalma/Documents/iweather/src/assets/bg_clear_day.png": {"path":"/home/rafaelpalma/Documents/iweather/src/assets/bg_clear_day.png","statementMap":{"0":{"start":{"line":1,"column":0},"end":{"line":1,"column":19}}},"fnMap":{},"branchMap":{},"s":{"0":2},"f":{},"b":{},"_coverageSchema":"1a1c01bbd47fc00a2c39e90264f33305004495a9","hash":"1b3b0c08bb98b0470d2e2de069afc87ea98e1aff"}
,"/home/rafaelpalma/Documents/iweather/src/assets/bg_clear_night.png": {"path":"/home/rafaelpalma/Documents/iweather/src/assets/bg_clear_night.png","statementMap":{"0":{"start":{"line":1,"column":0},"end":{"line":1,"column":19}}},"fnMap":{},"branchMap":{},"s":{"0":2},"f":{},"b":{},"_coverageSchema":"1a1c01bbd47fc00a2c39e90264f33305004495a9","hash":"5c5716dd7385c8da2d94def697b010dfa288a2e1"}
,"/home/rafaelpalma/Documents/iweather/src/assets/bg_cloudy_day.png": {"path":"/home/rafaelpalma/Documents/iweather/src/assets/bg_cloudy_day.png","statementMap":{"0":{"start":{"line":1,"column":0},"end":{"line":1,"column":19}}},"fnMap":{},"branchMap":{},"s":{"0":2},"f":{},"b":{},"_coverageSchema":"1a1c01bbd47fc00a2c39e90264f33305004495a9","hash":"077888b45386b7dde36811d137afd5b27fb3a178"}
,"/home/rafaelpalma/Documents/iweather/src/assets/bg_cloudy_night.png": {"path":"/home/rafaelpalma/Documents/iweather/src/assets/bg_cloudy_night.png","statementMap":{"0":{"start":{"line":1,"column":0},"end":{"line":1,"column":19}}},"fnMap":{},"branchMap":{},"s":{"0":2},"f":{},"b":{},"_coverageSchema":"1a1c01bbd47fc00a2c39e90264f33305004495a9","hash":"cd2f145f8a54a42a8a18c0519a4d992d17a1f97d"}
,"/home/rafaelpalma/Documents/iweather/src/assets/bg_rain_day.png": {"path":"/home/rafaelpalma/Documents/iweather/src/assets/bg_rain_day.png","statementMap":{"0":{"start":{"line":1,"column":0},"end":{"line":1,"column":19}}},"fnMap":{},"branchMap":{},"s":{"0":2},"f":{},"b":{},"_coverageSchema":"1a1c01bbd47fc00a2c39e90264f33305004495a9","hash":"d72d85e04b5003547ceaeb646ce63e07247e4a21"}
,"/home/rafaelpalma/Documents/iweather/src/assets/bg_rain_night.png": {"path":"/home/rafaelpalma/Documents/iweather/src/assets/bg_rain_night.png","statementMap":{"0":{"start":{"line":1,"column":0},"end":{"line":1,"column":19}}},"fnMap":{},"branchMap":{},"s":{"0":2},"f":{},"b":{},"_coverageSchema":"1a1c01bbd47fc00a2c39e90264f33305004495a9","hash":"0ae4320077fa8606189dc9574c609793b205df16"}
,"/home/rafaelpalma/Documents/iweather/src/assets/bg_snow_day.png": {"path":"/home/rafaelpalma/Documents/iweather/src/assets/bg_snow_day.png","statementMap":{"0":{"start":{"line":1,"column":0},"end":{"line":1,"column":19}}},"fnMap":{},"branchMap":{},"s":{"0":2},"f":{},"b":{},"_coverageSchema":"1a1c01bbd47fc00a2c39e90264f33305004495a9","hash":"fc033739d64841ec0bcc852b00f92b65bebaf88e"}
,"/home/rafaelpalma/Documents/iweather/src/assets/bg_snow_night.png": {"path":"/home/rafaelpalma/Documents/iweather/src/assets/bg_snow_night.png","statementMap":{"0":{"start":{"line":1,"column":0},"end":{"line":1,"column":19}}},"fnMap":{},"branchMap":{},"s":{"0":2},"f":{},"b":{},"_coverageSchema":"1a1c01bbd47fc00a2c39e90264f33305004495a9","hash":"a02231f9b17519f8338c7c15d68685675fc0b02a"}
,"/home/rafaelpalma/Documents/iweather/src/assets/clear_day.svg": {"path":"/home/rafaelpalma/Documents/iweather/src/assets/clear_day.svg","statementMap":{"0":{"start":{"line":2,"column":14},"end":{"line":2,"column":30}},"1":{"start":{"line":4,"column":2},"end":{"line":7,"column":4}},"2":{"start":{"line":9,"column":0},"end":{"line":9,"column":30}}},"fnMap":{"0":{"name":"SvgClear_day","decl":{"start":{"line":3,"column":9},"end":{"line":3,"column":21}},"loc":{"start":{"line":3,"column":29},"end":{"line":8,"column":1}},"line":3}},"branchMap":{},"s":{"0":4,"1":6,"2":4},"f":{"0":6},"b":{},"_coverageSchema":"1a1c01bbd47fc00a2c39e90264f33305004495a9","hash":"986b7e60df7d62acbd8e374994bcf43d5de0cc57"}
,"/home/rafaelpalma/Documents/iweather/src/assets/clear_night.svg": {"path":"/home/rafaelpalma/Documents/iweather/src/assets/clear_night.svg","statementMap":{"0":{"start":{"line":2,"column":14},"end":{"line":2,"column":30}},"1":{"start":{"line":4,"column":2},"end":{"line":7,"column":4}},"2":{"start":{"line":9,"column":0},"end":{"line":9,"column":32}}},"fnMap":{"0":{"name":"SvgClear_night","decl":{"start":{"line":3,"column":9},"end":{"line":3,"column":23}},"loc":{"start":{"line":3,"column":31},"end":{"line":8,"column":1}},"line":3}},"branchMap":{},"s":{"0":2,"1":0,"2":2},"f":{"0":0},"b":{},"_coverageSchema":"1a1c01bbd47fc00a2c39e90264f33305004495a9","hash":"b33fc808552f79af45f4c225e1faf3187fca21c8"}
,"/home/rafaelpalma/Documents/iweather/src/assets/cloudy_day.svg": {"path":"/home/rafaelpalma/Documents/iweather/src/assets/cloudy_day.svg","statementMap":{"0":{"start":{"line":2,"column":14},"end":{"line":2,"column":30}},"1":{"start":{"line":4,"column":2},"end":{"line":7,"column":4}},"2":{"start":{"line":9,"column":0},"end":{"line":9,"column":31}}},"fnMap":{"0":{"name":"SvgCloudy_day","decl":{"start":{"line":3,"column":9},"end":{"line":3,"column":22}},"loc":{"start":{"line":3,"column":30},"end":{"line":8,"column":1}},"line":3}},"branchMap":{},"s":{"0":2,"1":0,"2":2},"f":{"0":0},"b":{},"_coverageSchema":"1a1c01bbd47fc00a2c39e90264f33305004495a9","hash":"4f5c4ea8132c7c71dd1cf473f15ef81ee848d27c"}
,"/home/rafaelpalma/Documents/iweather/src/assets/cloudy_night.svg": {"path":"/home/rafaelpalma/Documents/iweather/src/assets/cloudy_night.svg","statementMap":{"0":{"start":{"line":2,"column":14},"end":{"line":2,"column":30}},"1":{"start":{"line":4,"column":2},"end":{"line":7,"column":4}},"2":{"start":{"line":9,"column":0},"end":{"line":9,"column":33}}},"fnMap":{"0":{"name":"SvgCloudy_night","decl":{"start":{"line":3,"column":9},"end":{"line":3,"column":24}},"loc":{"start":{"line":3,"column":32},"end":{"line":8,"column":1}},"line":3}},"branchMap":{},"s":{"0":2,"1":0,"2":2},"f":{"0":0},"b":{},"_coverageSchema":"1a1c01bbd47fc00a2c39e90264f33305004495a9","hash":"7d10c6bfa951b05b964bf90a4780c478663659fa"}
,"/home/rafaelpalma/Documents/iweather/src/assets/drop.svg": {"path":"/home/rafaelpalma/Documents/iweather/src/assets/drop.svg","statementMap":{"0":{"start":{"line":2,"column":14},"end":{"line":2,"column":30}},"1":{"start":{"line":4,"column":2},"end":{"line":7,"column":4}},"2":{"start":{"line":9,"column":0},"end":{"line":9,"column":25}}},"fnMap":{"0":{"name":"SvgDrop","decl":{"start":{"line":3,"column":9},"end":{"line":3,"column":16}},"loc":{"start":{"line":3,"column":24},"end":{"line":8,"column":1}},"line":3}},"branchMap":{},"s":{"0":1,"1":0,"2":1},"f":{"0":0},"b":{},"_coverageSchema":"1a1c01bbd47fc00a2c39e90264f33305004495a9","hash":"923a4e9fa98ad9c442d2a8242d8c33e3146f8be5"}
,"/home/rafaelpalma/Documents/iweather/src/assets/logo.svg": {"path":"/home/rafaelpalma/Documents/iweather/src/assets/logo.svg","statementMap":{"0":{"start":{"line":2,"column":14},"end":{"line":2,"column":30}},"1":{"start":{"line":4,"column":2},"end":{"line":7,"column":4}},"2":{"start":{"line":9,"column":0},"end":{"line":9,"column":25}}},"fnMap":{"0":{"name":"SvgLogo","decl":{"start":{"line":3,"column":9},"end":{"line":3,"column":16}},"loc":{"start":{"line":3,"column":24},"end":{"line":8,"column":1}},"line":3}},"branchMap":{},"s":{"0":1,"1":2,"2":1},"f":{"0":2},"b":{},"_coverageSchema":"1a1c01bbd47fc00a2c39e90264f33305004495a9","hash":"82c2028f7acb9964024f451ad98066f797ffaf3a"}
,"/home/rafaelpalma/Documents/iweather/src/assets/rain.svg": {"path":"/home/rafaelpalma/Documents/iweather/src/assets/rain.svg","statementMap":{"0":{"start":{"line":2,"column":14},"end":{"line":2,"column":30}},"1":{"start":{"line":4,"column":2},"end":{"line":7,"column":4}},"2":{"start":{"line":9,"column":0},"end":{"line":9,"column":25}}},"fnMap":{"0":{"name":"SvgRain","decl":{"start":{"line":3,"column":9},"end":{"line":3,"column":16}},"loc":{"start":{"line":3,"column":24},"end":{"line":8,"column":1}},"line":3}},"branchMap":{},"s":{"0":1,"1":0,"2":1},"f":{"0":0},"b":{},"_coverageSchema":"1a1c01bbd47fc00a2c39e90264f33305004495a9","hash":"ab56bea15f07f7a3d04e0edff79f3d38e729c236"}
,"/home/rafaelpalma/Documents/iweather/src/assets/rain_moment_day.svg": {"path":"/home/rafaelpalma/Documents/iweather/src/assets/rain_moment_day.svg","statementMap":{"0":{"start":{"line":2,"column":14},"end":{"line":2,"column":30}},"1":{"start":{"line":4,"column":2},"end":{"line":7,"column":4}},"2":{"start":{"line":9,"column":0},"end":{"line":9,"column":36}}},"fnMap":{"0":{"name":"SvgRain_moment_day","decl":{"start":{"line":3,"column":9},"end":{"line":3,"column":27}},"loc":{"start":{"line":3,"column":35},"end":{"line":8,"column":1}},"line":3}},"branchMap":{},"s":{"0":2,"1":0,"2":2},"f":{"0":0},"b":{},"_coverageSchema":"1a1c01bbd47fc00a2c39e90264f33305004495a9","hash":"e941a51451873ee2cbe5de6fe1f4c8ce9ffd88b5"}
,"/home/rafaelpalma/Documents/iweather/src/assets/snow_day.svg": {"path":"/home/rafaelpalma/Documents/iweather/src/assets/snow_day.svg","statementMap":{"0":{"start":{"line":2,"column":14},"end":{"line":2,"column":30}},"1":{"start":{"line":4,"column":2},"end":{"line":7,"column":4}},"2":{"start":{"line":9,"column":0},"end":{"line":9,"column":29}}},"fnMap":{"0":{"name":"SvgSnow_day","decl":{"start":{"line":3,"column":9},"end":{"line":3,"column":20}},"loc":{"start":{"line":3,"column":28},"end":{"line":8,"column":1}},"line":3}},"branchMap":{},"s":{"0":2,"1":0,"2":2},"f":{"0":0},"b":{},"_coverageSchema":"1a1c01bbd47fc00a2c39e90264f33305004495a9","hash":"6cc686e9dcd0af4c163093a62806c2b3c4d96c68"}
,"/home/rafaelpalma/Documents/iweather/src/assets/snow_night.svg": {"path":"/home/rafaelpalma/Documents/iweather/src/assets/snow_night.svg","statementMap":{"0":{"start":{"line":2,"column":14},"end":{"line":2,"column":30}},"1":{"start":{"line":4,"column":2},"end":{"line":7,"column":4}},"2":{"start":{"line":9,"column":0},"end":{"line":9,"column":31}}},"fnMap":{"0":{"name":"SvgSnow_night","decl":{"start":{"line":3,"column":9},"end":{"line":3,"column":22}},"loc":{"start":{"line":3,"column":30},"end":{"line":8,"column":1}},"line":3}},"branchMap":{},"s":{"0":2,"1":0,"2":2},"f":{"0":0},"b":{},"_coverageSchema":"1a1c01bbd47fc00a2c39e90264f33305004495a9","hash":"82ee2cb21666e4b8852282a06efdea6e5d97cbab"}
,"/home/rafaelpalma/Documents/iweather/src/assets/sun.svg": {"path":"/home/rafaelpalma/Documents/iweather/src/assets/sun.svg","statementMap":{"0":{"start":{"line":2,"column":14},"end":{"line":2,"column":30}},"1":{"start":{"line":4,"column":2},"end":{"line":7,"column":4}},"2":{"start":{"line":9,"column":0},"end":{"line":9,"column":24}}},"fnMap":{"0":{"name":"SvgSun","decl":{"start":{"line":3,"column":9},"end":{"line":3,"column":15}},"loc":{"start":{"line":3,"column":23},"end":{"line":8,"column":1}},"line":3}},"branchMap":{},"s":{"0":1,"1":0,"2":1},"f":{"0":0},"b":{},"_coverageSchema":"1a1c01bbd47fc00a2c39e90264f33305004495a9","hash":"85a5d37e5b840de4e91c04d8ac590501cc83c790"}
,"/home/rafaelpalma/Documents/iweather/src/assets/thermometer.svg": {"path":"/home/rafaelpalma/Documents/iweather/src/assets/thermometer.svg","statementMap":{"0":{"start":{"line":2,"column":14},"end":{"line":2,"column":30}},"1":{"start":{"line":4,"column":2},"end":{"line":7,"column":4}},"2":{"start":{"line":9,"column":0},"end":{"line":9,"column":32}}},"fnMap":{"0":{"name":"SvgThermometer","decl":{"start":{"line":3,"column":9},"end":{"line":3,"column":23}},"loc":{"start":{"line":3,"column":31},"end":{"line":8,"column":1}},"line":3}},"branchMap":{},"s":{"0":1,"1":0,"2":1},"f":{"0":0},"b":{},"_coverageSchema":"1a1c01bbd47fc00a2c39e90264f33305004495a9","hash":"01649b1e848c8f1b95b187f1c363b166e8d06a44"}
,"/home/rafaelpalma/Documents/iweather/src/assets/wind.svg": {"path":"/home/rafaelpalma/Documents/iweather/src/assets/wind.svg","statementMap":{"0":{"start":{"line":2,"column":14},"end":{"line":2,"column":30}},"1":{"start":{"line":4,"column":2},"end":{"line":7,"column":4}},"2":{"start":{"line":9,"column":0},"end":{"line":9,"column":25}}},"fnMap":{"0":{"name":"SvgWind","decl":{"start":{"line":3,"column":9},"end":{"line":3,"column":16}},"loc":{"start":{"line":3,"column":24},"end":{"line":8,"column":1}},"line":3}},"branchMap":{},"s":{"0":1,"1":0,"2":1},"f":{"0":0},"b":{},"_coverageSchema":"1a1c01bbd47fc00a2c39e90264f33305004495a9","hash":"89d5e6f58940a1bd553eb26a56c0d3244452fb51"}
,"/home/rafaelpalma/Documents/iweather/src/components/Day/index.tsx": {"path":"/home/rafaelpalma/Documents/iweather/src/components/Day/index.tsx","statementMap":{"0":{"start":{"line":19,"column":25},"end":{"line":19,"column":29}},"1":{"start":{"line":21,"column":2},"end":{"line":37,"column":4}}},"fnMap":{"0":{"name":"Day","decl":{"start":{"line":18,"column":16},"end":{"line":18,"column":19}},"loc":{"start":{"line":18,"column":37},"end":{"line":38,"column":1}},"line":18}},"branchMap":{},"s":{"0":6,"1":6},"f":{"0":6},"b":{},"_coverageSchema":"1a1c01bbd47fc00a2c39e90264f33305004495a9","hash":"b9e6be2b9f8b617a7a2266a02d333bbb17c6644a"}
,"/home/rafaelpalma/Documents/iweather/src/components/Day/styles.ts": {"path":"/home/rafaelpalma/Documents/iweather/src/components/Day/styles.ts","statementMap":{"0":{"start":{"line":4,"column":22},"end":{"line":28,"column":2}}},"fnMap":{},"branchMap":{},"s":{"0":3},"f":{},"b":{},"_coverageSchema":"1a1c01bbd47fc00a2c39e90264f33305004495a9","hash":"8937f5c19747363b79316ba2eeb7ef5d71357a4b"}
,"/home/rafaelpalma/Documents/iweather/src/components/Input/index.tsx": {"path":"/home/rafaelpalma/Documents/iweather/src/components/Input/index.tsx","statementMap":{"0":{"start":{"line":11,"column":2},"end":{"line":28,"column":4}}},"fnMap":{"0":{"name":"Input","decl":{"start":{"line":10,"column":16},"end":{"line":10,"column":21}},"loc":{"start":{"line":10,"column":61},"end":{"line":29,"column":1}},"line":10}},"branchMap":{"0":{"loc":{"start":{"line":10,"column":24},"end":{"line":10,"column":41}},"type":"default-arg","locations":[{"start":{"line":10,"column":36},"end":{"line":10,"column":41}}],"line":10},"1":{"loc":{"start":{"line":20,"column":8},"end":{"line":25,"column":9}},"type":"binary-expr","locations":[{"start":{"line":20,"column":8},"end":{"line":20,"column":17}},{"start":{"line":21,"column":10},"end":{"line":24,"column":12}}],"line":20}},"s":{"0":6},"f":{"0":6},"b":{"0":[3],"1":[6,1]},"_coverageSchema":"1a1c01bbd47fc00a2c39e90264f33305004495a9","hash":"12298b7d98bb886e9aefe751d9fd56c1f34f4842"}
,"/home/rafaelpalma/Documents/iweather/src/components/Input/styles.ts": {"path":"/home/rafaelpalma/Documents/iweather/src/components/Input/styles.ts","statementMap":{"0":{"start":{"line":4,"column":22},"end":{"line":19,"column":2}}},"fnMap":{},"branchMap":{},"s":{"0":3},"f":{},"b":{},"_coverageSchema":"1a1c01bbd47fc00a2c39e90264f33305004495a9","hash":"568c6f218b2471396495d1fdcc527edf0f1032f5"}
,"/home/rafaelpalma/Documents/iweather/src/components/Loading/index.tsx": {"path":"/home/rafaelpalma/Documents/iweather/src/components/Loading/index.tsx","statementMap":{"0":{"start":{"line":7,"column":2},"end":{"line":11,"column":4}}},"fnMap":{"0":{"name":"Loading","decl":{"start":{"line":6,"column":16},"end":{"line":6,"column":23}},"loc":{"start":{"line":6,"column":26},"end":{"line":12,"column":1}},"line":6}},"branchMap":{},"s":{"0":1},"f":{"0":1},"b":{},"_coverageSchema":"1a1c01bbd47fc00a2c39e90264f33305004495a9","hash":"dedf8ecdcaf4672afc1617b613189b373c7b873b"}
,"/home/rafaelpalma/Documents/iweather/src/components/Loading/styles.ts": {"path":"/home/rafaelpalma/Documents/iweather/src/components/Loading/styles.ts","statementMap":{"0":{"start":{"line":4,"column":22},"end":{"line":11,"column":2}}},"fnMap":{},"branchMap":{},"s":{"0":2},"f":{},"b":{},"_coverageSchema":"1a1c01bbd47fc00a2c39e90264f33305004495a9","hash":"7bbaa60e7a44c6b316609387e969451e9dd66962"}
,"/home/rafaelpalma/Documents/iweather/src/components/NextDays/index.tsx": {"path":"/home/rafaelpalma/Documents/iweather/src/components/NextDays/index.tsx","statementMap":{"0":{"start":{"line":12,"column":2},"end":{"line":12,"column":36}},"1":{"start":{"line":13,"column":2},"end":{"line":21,"column":4}},"2":{"start":{"line":17,"column":10},"end":{"line":17,"column":42}}},"fnMap":{"0":{"name":"NextDays","decl":{"start":{"line":11,"column":16},"end":{"line":11,"column":24}},"loc":{"start":{"line":11,"column":42},"end":{"line":22,"column":1}},"line":11},"1":{"name":"(anonymous_1)","decl":{"start":{"line":16,"column":17},"end":{"line":16,"column":18}},"loc":{"start":{"line":17,"column":10},"end":{"line":17,"column":42}},"line":17}},"branchMap":{},"s":{"0":1,"1":1,"2":5},"f":{"0":1,"1":5},"b":{},"_coverageSchema":"1a1c01bbd47fc00a2c39e90264f33305004495a9","hash":"f21270d67143bb5783256d4e8ef949d632ac372a"}
,"/home/rafaelpalma/Documents/iweather/src/components/NextDays/styles.ts": {"path":"/home/rafaelpalma/Documents/iweather/src/components/NextDays/styles.ts","statementMap":{"0":{"start":{"line":4,"column":22},"end":{"line":14,"column":2}}},"fnMap":{},"branchMap":{},"s":{"0":2},"f":{},"b":{},"_coverageSchema":"1a1c01bbd47fc00a2c39e90264f33305004495a9","hash":"95d94a560d1d9fcacf9bab6cddceb57aaa2140c5"}
,"/home/rafaelpalma/Documents/iweather/src/components/SelectList/index.tsx": {"path":"/home/rafaelpalma/Documents/iweather/src/components/SelectList/index.tsx","statementMap":{"0":{"start":{"line":18,"column":2},"end":{"line":43,"column":4}},"1":{"start":{"line":30,"column":12},"end":{"line":38,"column":31}},"2":{"start":{"line":33,"column":29},"end":{"line":33,"column":48}}},"fnMap":{"0":{"name":"SelectList","decl":{"start":{"line":16,"column":16},"end":{"line":16,"column":26}},"loc":{"start":{"line":16,"column":41},"end":{"line":44,"column":1}},"line":16},"1":{"name":"(anonymous_1)","decl":{"start":{"line":29,"column":25},"end":{"line":29,"column":26}},"loc":{"start":{"line":30,"column":12},"end":{"line":38,"column":31}},"line":30},"2":{"name":"(anonymous_2)","decl":{"start":{"line":33,"column":23},"end":{"line":33,"column":24}},"loc":{"start":{"line":33,"column":29},"end":{"line":33,"column":48}},"line":33}},"branchMap":{},"s":{"0":4,"1":3,"2":1},"f":{"0":4,"1":3,"2":1},"b":{},"_coverageSchema":"1a1c01bbd47fc00a2c39e90264f33305004495a9","hash":"de64e3f1e71c1df392dfeb2161d7f2bf1a57b29e"}
,"/home/rafaelpalma/Documents/iweather/src/components/SelectList/styles.ts": {"path":"/home/rafaelpalma/Documents/iweather/src/components/SelectList/styles.ts","statementMap":{"0":{"start":{"line":4,"column":22},"end":{"line":28,"column":2}}},"fnMap":{},"branchMap":{},"s":{"0":2},"f":{},"b":{},"_coverageSchema":"1a1c01bbd47fc00a2c39e90264f33305004495a9","hash":"95f1f731238fff4e612b129b4077ad0cabb86bd6"}
,"/home/rafaelpalma/Documents/iweather/src/components/WeatherDetails/index.tsx": {"path":"/home/rafaelpalma/Documents/iweather/src/components/WeatherDetails/index.tsx","statementMap":{"0":{"start":{"line":26,"column":2},"end":{"line":59,"column":4}}},"fnMap":{"0":{"name":"WeatherDetails","decl":{"start":{"line":25,"column":16},"end":{"line":25,"column":30}},"loc":{"start":{"line":25,"column":48},"end":{"line":60,"column":1}},"line":25}},"branchMap":{},"s":{"0":0},"f":{"0":0},"b":{},"_coverageSchema":"1a1c01bbd47fc00a2c39e90264f33305004495a9","hash":"80401199d94485e24fd2b6a415fc277d06bebb67"}
,"/home/rafaelpalma/Documents/iweather/src/components/WeatherDetails/styles.ts": {"path":"/home/rafaelpalma/Documents/iweather/src/components/WeatherDetails/styles.ts","statementMap":{"0":{"start":{"line":4,"column":22},"end":{"line":11,"column":2}}},"fnMap":{},"branchMap":{},"s":{"0":1},"f":{},"b":{},"_coverageSchema":"1a1c01bbd47fc00a2c39e90264f33305004495a9","hash":"606ea942aa91bfbc6893e0b4baf2df7f942cc20d"}
,"/home/rafaelpalma/Documents/iweather/src/components/WeatherItem/index.tsx": {"path":"/home/rafaelpalma/Documents/iweather/src/components/WeatherItem/index.tsx","statementMap":{"0":{"start":{"line":14,"column":2},"end":{"line":14,"column":43}},"1":{"start":{"line":15,"column":2},"end":{"line":15,"column":41}},"2":{"start":{"line":16,"column":2},"end":{"line":16,"column":41}},"3":{"start":{"line":17,"column":2},"end":{"line":17,"column":39}},"4":{"start":{"line":18,"column":2},"end":{"line":30,"column":4}}},"fnMap":{"0":{"name":"WeatherItem","decl":{"start":{"line":13,"column":16},"end":{"line":13,"column":27}},"loc":{"start":{"line":13,"column":81},"end":{"line":31,"column":1}},"line":13}},"branchMap":{"0":{"loc":{"start":{"line":13,"column":56},"end":{"line":13,"column":70}},"type":"default-arg","locations":[{"start":{"line":13,"column":65},"end":{"line":13,"column":70}}],"line":13},"1":{"loc":{"start":{"line":19,"column":36},"end":{"line":19,"column":66}},"type":"binary-expr","locations":[{"start":{"line":19,"column":36},"end":{"line":19,"column":43}},{"start":{"line":19,"column":47},"end":{"line":19,"column":66}}],"line":19}},"s":{"0":0,"1":0,"2":0,"3":0,"4":0},"f":{"0":0},"b":{"0":[0],"1":[0,0]},"_coverageSchema":"1a1c01bbd47fc00a2c39e90264f33305004495a9","hash":"22c91974f52347ff8747912a819ccc3996ad4499"}
,"/home/rafaelpalma/Documents/iweather/src/components/WeatherItem/styles.ts": {"path":"/home/rafaelpalma/Documents/iweather/src/components/WeatherItem/styles.ts","statementMap":{"0":{"start":{"line":4,"column":22},"end":{"line":27,"column":2}}},"fnMap":{},"branchMap":{},"s":{"0":1},"f":{},"b":{},"_coverageSchema":"1a1c01bbd47fc00a2c39e90264f33305004495a9","hash":"2deb6e1589dcf40bce9a84868bcec32e4d708952"}
,"/home/rafaelpalma/Documents/iweather/src/components/WeatherToday/index.tsx": {"path":"/home/rafaelpalma/Documents/iweather/src/components/WeatherToday/index.tsx","statementMap":{"0":{"start":{"line":23,"column":16},"end":{"line":23,"column":72}},"1":{"start":{"line":24,"column":16},"end":{"line":24,"column":27}},"2":{"start":{"line":26,"column":16},"end":{"line":26,"column":73}},"3":{"start":{"line":27,"column":15},"end":{"line":27,"column":78}},"4":{"start":{"line":29,"column":2},"end":{"line":59,"column":4}}},"fnMap":{"0":{"name":"WeatherToday","decl":{"start":{"line":22,"column":16},"end":{"line":22,"column":28}},"loc":{"start":{"line":22,"column":55},"end":{"line":60,"column":1}},"line":22}},"branchMap":{"0":{"loc":{"start":{"line":26,"column":16},"end":{"line":26,"column":73}},"type":"cond-expr","locations":[{"start":{"line":26,"column":24},"end":{"line":26,"column":46}},{"start":{"line":26,"column":49},"end":{"line":26,"column":73}}],"line":26},"1":{"loc":{"start":{"line":27,"column":15},"end":{"line":27,"column":78}},"type":"cond-expr","locations":[{"start":{"line":27,"column":23},"end":{"line":27,"column":48}},{"start":{"line":27,"column":51},"end":{"line":27,"column":78}}],"line":27}},"s":{"0":0,"1":0,"2":0,"3":0,"4":0},"f":{"0":0},"b":{"0":[0,0],"1":[0,0]},"_coverageSchema":"1a1c01bbd47fc00a2c39e90264f33305004495a9","hash":"c903cd1a2c6e194fffa43be0bb076e1bb61bf8c8"}
,"/home/rafaelpalma/Documents/iweather/src/components/WeatherToday/styles.ts": {"path":"/home/rafaelpalma/Documents/iweather/src/components/WeatherToday/styles.ts","statementMap":{"0":{"start":{"line":4,"column":22},"end":{"line":48,"column":2}}},"fnMap":{},"branchMap":{},"s":{"0":1},"f":{},"b":{},"_coverageSchema":"1a1c01bbd47fc00a2c39e90264f33305004495a9","hash":"b419b1eaf3711c8883f894356054ebcb0c595553"}
,"/home/rafaelpalma/Documents/iweather/src/contexts/CityContext.tsx": {"path":"/home/rafaelpalma/Documents/iweather/src/contexts/CityContext.tsx","statementMap":{"0":{"start":{"line":16,"column":27},"end":{"line":16,"column":90}},"1":{"start":{"line":19,"column":44},"end":{"line":19,"column":58}},"2":{"start":{"line":20,"column":26},"end":{"line":20,"column":58}},"3":{"start":{"line":23,"column":4},"end":{"line":23,"column":45}},"4":{"start":{"line":24,"column":4},"end":{"line":24,"column":27}},"5":{"start":{"line":26,"column":4},"end":{"line":26,"column":40}},"6":{"start":{"line":27,"column":4},"end":{"line":27,"column":26}},"7":{"start":{"line":29,"column":4},"end":{"line":29,"column":28}},"8":{"start":{"line":32,"column":2},"end":{"line":40,"column":9}},"9":{"start":{"line":33,"column":4},"end":{"line":33,"column":27}},"10":{"start":{"line":35,"column":4},"end":{"line":35,"column":23}},"11":{"start":{"line":37,"column":4},"end":{"line":39,"column":46}},"12":{"start":{"line":38,"column":22},"end":{"line":38,"column":35}},"13":{"start":{"line":39,"column":21},"end":{"line":39,"column":44}},"14":{"start":{"line":42,"column":2},"end":{"line":50,"column":3}}},"fnMap":{"0":{"name":"CityProvider","decl":{"start":{"line":18,"column":16},"end":{"line":18,"column":28}},"loc":{"start":{"line":18,"column":69},"end":{"line":51,"column":1}},"line":18},"1":{"name":"handleChanceCity","decl":{"start":{"line":22,"column":17},"end":{"line":22,"column":33}},"loc":{"start":{"line":22,"column":59},"end":{"line":30,"column":3}},"line":22},"2":{"name":"(anonymous_2)","decl":{"start":{"line":32,"column":12},"end":{"line":32,"column":13}},"loc":{"start":{"line":32,"column":18},"end":{"line":40,"column":3}},"line":32},"3":{"name":"(anonymous_3)","decl":{"start":{"line":38,"column":12},"end":{"line":38,"column":13}},"loc":{"start":{"line":38,"column":22},"end":{"line":38,"column":35}},"line":38},"4":{"name":"(anonymous_4)","decl":{"start":{"line":39,"column":15},"end":{"line":39,"column":16}},"loc":{"start":{"line":39,"column":21},"end":{"line":39,"column":44}},"line":39}},"branchMap":{},"s":{"0":2,"1":6,"2":6,"3":1,"4":1,"5":1,"6":1,"7":1,"8":6,"9":2,"10":2,"11":2,"12":2,"13":2,"14":6},"f":{"0":6,"1":1,"2":2,"3":2,"4":2},"b":{},"_coverageSchema":"1a1c01bbd47fc00a2c39e90264f33305004495a9","hash":"21e42dd01c59aa42ef68b93ba9ea16d5eb856c53"}
,"/home/rafaelpalma/Documents/iweather/src/hooks/useCity.ts": {"path":"/home/rafaelpalma/Documents/iweather/src/hooks/useCity.ts","statementMap":{"0":{"start":{"line":6,"column":18},"end":{"line":6,"column":41}},"1":{"start":{"line":8,"column":2},"end":{"line":8,"column":16}}},"fnMap":{"0":{"name":"useCity","decl":{"start":{"line":5,"column":16},"end":{"line":5,"column":23}},"loc":{"start":{"line":5,"column":26},"end":{"line":9,"column":1}},"line":5}},"branchMap":{},"s":{"0":7,"1":7},"f":{"0":7},"b":{},"_coverageSchema":"1a1c01bbd47fc00a2c39e90264f33305004495a9","hash":"23c0ff864cc4f5781987f0865a66507090bd32f3"}
,"/home/rafaelpalma/Documents/iweather/src/libs/asyncStorage/cityStorage.ts": {"path":"/home/rafaelpalma/Documents/iweather/src/libs/asyncStorage/cityStorage.ts","statementMap":{"0":{"start":{"line":4,"column":20},"end":{"line":4,"column":36}},"1":{"start":{"line":7,"column":18},"end":{"line":7,"column":57}},"2":{"start":{"line":9,"column":19},"end":{"line":9,"column":68}},"3":{"start":{"line":11,"column":2},"end":{"line":11,"column":18}},"4":{"start":{"line":15,"column":2},"end":{"line":15,"column":64}},"5":{"start":{"line":19,"column":2},"end":{"line":19,"column":45}}},"fnMap":{"0":{"name":"getStorageCity","decl":{"start":{"line":6,"column":22},"end":{"line":6,"column":36}},"loc":{"start":{"line":6,"column":39},"end":{"line":12,"column":1}},"line":6},"1":{"name":"saveStorageCity","decl":{"start":{"line":14,"column":22},"end":{"line":14,"column":37}},"loc":{"start":{"line":14,"column":55},"end":{"line":16,"column":1}},"line":14},"2":{"name":"removeStorageCity","decl":{"start":{"line":18,"column":22},"end":{"line":18,"column":39}},"loc":{"start":{"line":18,"column":42},"end":{"line":20,"column":1}},"line":18}},"branchMap":{"0":{"loc":{"start":{"line":9,"column":19},"end":{"line":9,"column":68}},"type":"cond-expr","locations":[{"start":{"line":9,"column":29},"end":{"line":9,"column":61}},{"start":{"line":9,"column":64},"end":{"line":9,"column":68}}],"line":9}},"s":{"0":3,"1":5,"2":5,"3":5,"4":3,"5":3},"f":{"0":5,"1":3,"2":3},"b":{"0":[1,4]},"_coverageSchema":"1a1c01bbd47fc00a2c39e90264f33305004495a9","hash":"01509e8adb4b6d613ab89e56ec3bb1d2b3f86acd"}
,"/home/rafaelpalma/Documents/iweather/src/routes/app.routes.tsx": {"path":"/home/rafaelpalma/Documents/iweather/src/routes/app.routes.tsx","statementMap":{"0":{"start":{"line":6,"column":30},"end":{"line":6,"column":58}},"1":{"start":{"line":9,"column":2},"end":{"line":21,"column":3}}},"fnMap":{"0":{"name":"AppRoutes","decl":{"start":{"line":8,"column":16},"end":{"line":8,"column":25}},"loc":{"start":{"line":8,"column":28},"end":{"line":22,"column":1}},"line":8}},"branchMap":{},"s":{"0":1,"1":2},"f":{"0":2},"b":{},"_coverageSchema":"1a1c01bbd47fc00a2c39e90264f33305004495a9","hash":"8e97c7554079dbe82b585f83736d089fed3e6441"}
,"/home/rafaelpalma/Documents/iweather/src/routes/index.tsx": {"path":"/home/rafaelpalma/Documents/iweather/src/routes/index.tsx","statementMap":{"0":{"start":{"line":12,"column":19},"end":{"line":12,"column":28}},"1":{"start":{"line":13,"column":17},"end":{"line":13,"column":36}},"2":{"start":{"line":15,"column":2},"end":{"line":21,"column":4}}},"fnMap":{"0":{"name":"Routes","decl":{"start":{"line":11,"column":16},"end":{"line":11,"column":22}},"loc":{"start":{"line":11,"column":25},"end":{"line":22,"column":1}},"line":11}},"branchMap":{"0":{"loc":{"start":{"line":18,"column":9},"end":{"line":18,"column":45}},"type":"cond-expr","locations":[{"start":{"line":18,"column":16},"end":{"line":18,"column":29}},{"start":{"line":18,"column":32},"end":{"line":18,"column":45}}],"line":18}},"s":{"0":2,"1":2,"2":2},"f":{"0":2},"b":{"0":[0,2]},"_coverageSchema":"1a1c01bbd47fc00a2c39e90264f33305004495a9","hash":"bff6f82991cd61b25bb7d38af32a1a42e97e2dc4"}
,"/home/rafaelpalma/Documents/iweather/src/screens/Dashboard/index.tsx": {"path":"/home/rafaelpalma/Documents/iweather/src/screens/Dashboard/index.tsx","statementMap":{"0":{"start":{"line":17,"column":30},"end":{"line":17,"column":42}},"1":{"start":{"line":18,"column":40},"end":{"line":18,"column":55}},"2":{"start":{"line":19,"column":30},"end":{"line":19,"column":55}},"3":{"start":{"line":20,"column":50},"end":{"line":20,"column":64}},"4":{"start":{"line":21,"column":32},"end":{"line":21,"column":90}},"5":{"start":{"line":23,"column":52},"end":{"line":23,"column":61}},"6":{"start":{"line":26,"column":4},"end":{"line":26,"column":28}},"7":{"start":{"line":27,"column":4},"end":{"line":27,"column":18}},"8":{"start":{"line":28,"column":4},"end":{"line":28,"column":18}},"9":{"start":{"line":32,"column":4},"end":{"line":34,"column":5}},"10":{"start":{"line":33,"column":6},"end":{"line":33,"column":13}},"11":{"start":{"line":36,"column":4},"end":{"line":36,"column":30}},"12":{"start":{"line":38,"column":36},"end":{"line":38,"column":40}},"13":{"start":{"line":39,"column":21},"end":{"line":39,"column":75}},"14":{"start":{"line":41,"column":4},"end":{"line":41,"column":25}},"15":{"start":{"line":42,"column":4},"end":{"line":42,"column":31}},"16":{"start":{"line":46,"column":4},"end":{"line":46,"column":25}},"17":{"start":{"line":48,"column":21},"end":{"line":48,"column":53}},"18":{"start":{"line":50,"column":4},"end":{"line":50,"column":24}},"19":{"start":{"line":51,"column":4},"end":{"line":51,"column":26}},"20":{"start":{"line":54,"column":2},"end":{"line":63,"column":15}},"21":{"start":{"line":55,"column":4},"end":{"line":57,"column":5}},"22":{"start":{"line":56,"column":6},"end":{"line":56,"column":13}},"23":{"start":{"line":59,"column":4},"end":{"line":59,"column":21}},"24":{"start":{"line":60,"column":21},"end":{"line":60,"column":61}},"25":{"start":{"line":60,"column":38},"end":{"line":60,"column":55}},"26":{"start":{"line":62,"column":4},"end":{"line":62,"column":41}},"27":{"start":{"line":62,"column":17},"end":{"line":62,"column":40}},"28":{"start":{"line":65,"column":2},"end":{"line":67,"column":13}},"29":{"start":{"line":66,"column":4},"end":{"line":66,"column":24}},"30":{"start":{"line":69,"column":2},"end":{"line":71,"column":3}},"31":{"start":{"line":70,"column":4},"end":{"line":70,"column":23}},"32":{"start":{"line":73,"column":2},"end":{"line":91,"column":4}}},"fnMap":{"0":{"name":"Dashboard","decl":{"start":{"line":16,"column":16},"end":{"line":16,"column":25}},"loc":{"start":{"line":16,"column":28},"end":{"line":92,"column":1}},"line":16},"1":{"name":"handleSelect","decl":{"start":{"line":25,"column":11},"end":{"line":25,"column":23}},"loc":{"start":{"line":25,"column":42},"end":{"line":29,"column":3}},"line":25},"2":{"name":"getWeatherDetails","decl":{"start":{"line":31,"column":17},"end":{"line":31,"column":34}},"loc":{"start":{"line":31,"column":37},"end":{"line":43,"column":3}},"line":31},"3":{"name":"getCities","decl":{"start":{"line":45,"column":17},"end":{"line":45,"column":26}},"loc":{"start":{"line":45,"column":41},"end":{"line":52,"column":3}},"line":45},"4":{"name":"(anonymous_4)","decl":{"start":{"line":54,"column":12},"end":{"line":54,"column":13}},"loc":{"start":{"line":54,"column":18},"end":{"line":63,"column":3}},"line":54},"5":{"name":"(anonymous_5)","decl":{"start":{"line":60,"column":32},"end":{"line":60,"column":33}},"loc":{"start":{"line":60,"column":38},"end":{"line":60,"column":55}},"line":60},"6":{"name":"(anonymous_6)","decl":{"start":{"line":62,"column":11},"end":{"line":62,"column":12}},"loc":{"start":{"line":62,"column":17},"end":{"line":62,"column":40}},"line":62},"7":{"name":"(anonymous_7)","decl":{"start":{"line":65,"column":12},"end":{"line":65,"column":13}},"loc":{"start":{"line":65,"column":18},"end":{"line":67,"column":3}},"line":65}},"branchMap":{"0":{"loc":{"start":{"line":32,"column":4},"end":{"line":34,"column":5}},"type":"if","locations":[{"start":{"line":32,"column":4},"end":{"line":34,"column":5}},{"start":{},"end":{}}],"line":32},"1":{"loc":{"start":{"line":55,"column":4},"end":{"line":57,"column":5}},"type":"if","locations":[{"start":{"line":55,"column":4},"end":{"line":57,"column":5}},{"start":{},"end":{}}],"line":55},"2":{"loc":{"start":{"line":69,"column":2},"end":{"line":71,"column":3}},"type":"if","locations":[{"start":{"line":69,"column":2},"end":{"line":71,"column":3}},{"start":{},"end":{}}],"line":69},"3":{"loc":{"start":{"line":69,"column":6},"end":{"line":69,"column":48}},"type":"binary-expr","locations":[{"start":{"line":69,"column":6},"end":{"line":69,"column":22}},{"start":{"line":69,"column":26},"end":{"line":69,"column":39}},{"start":{"line":69,"column":43},"end":{"line":69,"column":48}}],"line":69}},"s":{"0":0,"1":0,"2":0,"3":0,"4":0,"5":0,"6":0,"7":0,"8":0,"9":0,"10":0,"11":0,"12":0,"13":0,"14":0,"15":0,"16":0,"17":0,"18":0,"19":0,"20":0,"21":0,"22":0,"23":0,"24":0,"25":0,"26":0,"27":0,"28":0,"29":0,"30":0,"31":0,"32":0},"f":{"0":0,"1":0,"2":0,"3":0,"4":0,"5":0,"6":0,"7":0},"b":{"0":[0,0],"1":[0,0],"2":[0,0],"3":[0,0,0]},"_coverageSchema":"1a1c01bbd47fc00a2c39e90264f33305004495a9","hash":"821348378c907d967f28e23cb4e3b6d09cadc9de"}
,"/home/rafaelpalma/Documents/iweather/src/screens/Dashboard/styles.ts": {"path":"/home/rafaelpalma/Documents/iweather/src/screens/Dashboard/styles.ts","statementMap":{"0":{"start":{"line":4,"column":22},"end":{"line":16,"column":2}}},"fnMap":{},"branchMap":{},"s":{"0":1},"f":{},"b":{},"_coverageSchema":"1a1c01bbd47fc00a2c39e90264f33305004495a9","hash":"362e407bade271c3b5a57fa871701bb79bdd59bc"}
,"/home/rafaelpalma/Documents/iweather/src/screens/Search/index.tsx": {"path":"/home/rafaelpalma/Documents/iweather/src/screens/Search/index.tsx","statementMap":{"0":{"start":{"line":14,"column":30},"end":{"line":14,"column":42}},"1":{"start":{"line":15,"column":36},"end":{"line":15,"column":51}},"2":{"start":{"line":16,"column":30},"end":{"line":16,"column":55}},"3":{"start":{"line":18,"column":31},"end":{"line":18,"column":40}},"4":{"start":{"line":21,"column":4},"end":{"line":21,"column":23}},"5":{"start":{"line":23,"column":21},"end":{"line":23,"column":53}},"6":{"start":{"line":25,"column":4},"end":{"line":25,"column":24}},"7":{"start":{"line":26,"column":4},"end":{"line":26,"column":24}},"8":{"start":{"line":29,"column":2},"end":{"line":37,"column":15}},"9":{"start":{"line":30,"column":4},"end":{"line":32,"column":5}},"10":{"start":{"line":31,"column":6},"end":{"line":31,"column":13}},"11":{"start":{"line":34,"column":21},"end":{"line":34,"column":61}},"12":{"start":{"line":34,"column":38},"end":{"line":34,"column":55}},"13":{"start":{"line":36,"column":4},"end":{"line":36,"column":41}},"14":{"start":{"line":36,"column":17},"end":{"line":36,"column":40}},"15":{"start":{"line":39,"column":2},"end":{"line":63,"column":4}}},"fnMap":{"0":{"name":"Search","decl":{"start":{"line":13,"column":16},"end":{"line":13,"column":22}},"loc":{"start":{"line":13,"column":25},"end":{"line":64,"column":1}},"line":13},"1":{"name":"getCities","decl":{"start":{"line":20,"column":17},"end":{"line":20,"column":26}},"loc":{"start":{"line":20,"column":41},"end":{"line":27,"column":3}},"line":20},"2":{"name":"(anonymous_2)","decl":{"start":{"line":29,"column":12},"end":{"line":29,"column":13}},"loc":{"start":{"line":29,"column":18},"end":{"line":37,"column":3}},"line":29},"3":{"name":"(anonymous_3)","decl":{"start":{"line":34,"column":32},"end":{"line":34,"column":33}},"loc":{"start":{"line":34,"column":38},"end":{"line":34,"column":55}},"line":34},"4":{"name":"(anonymous_4)","decl":{"start":{"line":36,"column":11},"end":{"line":36,"column":12}},"loc":{"start":{"line":36,"column":17},"end":{"line":36,"column":40}},"line":36}},"branchMap":{"0":{"loc":{"start":{"line":30,"column":4},"end":{"line":32,"column":5}},"type":"if","locations":[{"start":{"line":30,"column":4},"end":{"line":32,"column":5}},{"start":{},"end":{}}],"line":30}},"s":{"0":2,"1":2,"2":2,"3":2,"4":0,"5":0,"6":0,"7":0,"8":2,"9":1,"10":1,"11":0,"12":0,"13":0,"14":0,"15":2},"f":{"0":2,"1":0,"2":1,"3":0,"4":0},"b":{"0":[1,0]},"_coverageSchema":"1a1c01bbd47fc00a2c39e90264f33305004495a9","hash":"859b7caa59484111fcf7bca53fca16c78514b2e8"}
,"/home/rafaelpalma/Documents/iweather/src/screens/Search/styles.ts": {"path":"/home/rafaelpalma/Documents/iweather/src/screens/Search/styles.ts","statementMap":{"0":{"start":{"line":4,"column":19},"end":{"line":4,"column":43}},"1":{"start":{"line":6,"column":22},"end":{"line":40,"column":2}}},"fnMap":{},"branchMap":{},"s":{"0":1,"1":1},"f":{},"b":{},"_coverageSchema":"1a1c01bbd47fc00a2c39e90264f33305004495a9","hash":"c0e275b1363b3cd75ac21c0a6fe551e1f8396893"}
,"/home/rafaelpalma/Documents/iweather/src/services/api.ts": {"path":"/home/rafaelpalma/Documents/iweather/src/services/api.ts","statementMap":{"0":{"start":{"line":3,"column":19},"end":{"line":10,"column":2}}},"fnMap":{},"branchMap":{},"s":{"0":3},"f":{},"b":{},"_coverageSchema":"1a1c01bbd47fc00a2c39e90264f33305004495a9","hash":"fb3055ac8bba967158abe1c222406b6af622474c"}
,"/home/rafaelpalma/Documents/iweather/src/services/getCityByNameService.ts": {"path":"/home/rafaelpalma/Documents/iweather/src/services/getCityByNameService.ts","statementMap":{"0":{"start":{"line":23,"column":2},"end":{"line":36,"column":3}},"1":{"start":{"line":24,"column":21},"end":{"line":24,"column":73}},"2":{"start":{"line":26,"column":17},"end":{"line":31,"column":5}},"3":{"start":{"line":33,"column":4},"end":{"line":33,"column":18}},"4":{"start":{"line":35,"column":4},"end":{"line":35,"column":14}}},"fnMap":{"0":{"name":"getCityByNameService","decl":{"start":{"line":22,"column":22},"end":{"line":22,"column":42}},"loc":{"start":{"line":22,"column":84},"end":{"line":37,"column":1}},"line":22}},"branchMap":{"0":{"loc":{"start":{"line":28,"column":12},"end":{"line":28,"column":78}},"type":"cond-expr","locations":[{"start":{"line":28,"column":31},"end":{"line":28,"column":66}},{"start":{"line":28,"column":69},"end":{"line":28,"column":78}}],"line":28}},"s":{"0":1,"1":1,"2":1,"3":1,"4":0},"f":{"0":1},"b":{"0":[1,0]},"_coverageSchema":"1a1c01bbd47fc00a2c39e90264f33305004495a9","hash":"a6dc2e2fb206201bb8ab3adf9dc836dac9076f92"}
,"/home/rafaelpalma/Documents/iweather/src/services/getWeatherByCityService.ts": {"path":"/home/rafaelpalma/Documents/iweather/src/services/getWeatherByCityService.ts","statementMap":{"0":{"start":{"line":49,"column":19},"end":{"line":51,"column":3}},"1":{"start":{"line":53,"column":39},"end":{"line":53,"column":51}},"2":{"start":{"line":55,"column":16},"end":{"line":70,"column":3}},"3":{"start":{"line":72,"column":15},"end":{"line":72,"column":28}},"4":{"start":{"line":73,"column":30},"end":{"line":73,"column":32}},"5":{"start":{"line":74,"column":31},"end":{"line":74,"column":33}},"6":{"start":{"line":76,"column":2},"end":{"line":94,"column":4}},"7":{"start":{"line":77,"column":16},"end":{"line":77,"column":60}},"8":{"start":{"line":79,"column":4},"end":{"line":93,"column":5}},"9":{"start":{"line":80,"column":6},"end":{"line":80,"column":25}},"10":{"start":{"line":82,"column":44},"end":{"line":82,"column":64}},"11":{"start":{"line":84,"column":22},"end":{"line":84,"column":42}},"12":{"start":{"line":86,"column":6},"end":{"line":92,"column":8}},"13":{"start":{"line":96,"column":2},"end":{"line":96,"column":28}}},"fnMap":{"0":{"name":"getWeatherByCityService","decl":{"start":{"line":45,"column":22},"end":{"line":45,"column":45}},"loc":{"start":{"line":48,"column":58},"end":{"line":97,"column":1}},"line":48},"1":{"name":"(anonymous_1)","decl":{"start":{"line":76,"column":20},"end":{"line":76,"column":21}},"loc":{"start":{"line":76,"column":35},"end":{"line":94,"column":3}},"line":76}},"branchMap":{"0":{"loc":{"start":{"line":79,"column":4},"end":{"line":93,"column":5}},"type":"if","locations":[{"start":{"line":79,"column":4},"end":{"line":93,"column":5}},{"start":{},"end":{}}],"line":79},"1":{"loc":{"start":{"line":79,"column":8},"end":{"line":79,"column":54}},"type":"binary-expr","locations":[{"start":{"line":79,"column":8},"end":{"line":79,"column":26}},{"start":{"line":79,"column":30},"end":{"line":79,"column":54}}],"line":79}},"s":{"0":1,"1":1,"2":1,"3":1,"4":1,"5":1,"6":1,"7":2,"8":2,"9":1,"10":1,"11":1,"12":1,"13":1},"f":{"0":1,"1":2},"b":{"0":[1,1],"1":[2,2]},"_coverageSchema":"1a1c01bbd47fc00a2c39e90264f33305004495a9","hash":"437448881da85d1a0439c964a1d009b49b00c0ba"}
,"/home/rafaelpalma/Documents/iweather/src/styles/theme.ts": {"path":"/home/rafaelpalma/Documents/iweather/src/styles/theme.ts","statementMap":{"0":{"start":{"line":1,"column":21},"end":{"line":23,"column":1}}},"fnMap":{},"branchMap":{},"s":{"0":6},"f":{},"b":{},"_coverageSchema":"1a1c01bbd47fc00a2c39e90264f33305004495a9","hash":"aa18f9b704ff4d1c4573fb49bfd81c5de5f7b516"}
,"/home/rafaelpalma/Documents/iweather/src/utils/getNextDays.ts": {"path":"/home/rafaelpalma/Documents/iweather/src/utils/getNextDays.ts","statementMap":{"0":{"start":{"line":4,"column":15},"end":{"line":4,"column":17}},"1":{"start":{"line":5,"column":16},"end":{"line":5,"column":26}},"2":{"start":{"line":7,"column":2},"end":{"line":13,"column":3}},"3":{"start":{"line":7,"column":15},"end":{"line":7,"column":16}},"4":{"start":{"line":8,"column":17},"end":{"line":8,"column":27}},"5":{"start":{"line":10,"column":4},"end":{"line":10,"column":44}},"6":{"start":{"line":12,"column":4},"end":{"line":12,"column":43}},"7":{"start":{"line":15,"column":2},"end":{"line":15,"column":14}}},"fnMap":{"0":{"name":"getNextDays","decl":{"start":{"line":3,"column":16},"end":{"line":3,"column":27}},"loc":{"start":{"line":3,"column":30},"end":{"line":16,"column":1}},"line":3}},"branchMap":{},"s":{"0":2,"1":2,"2":2,"3":2,"4":10,"5":10,"6":10,"7":2},"f":{"0":2},"b":{},"_coverageSchema":"1a1c01bbd47fc00a2c39e90264f33305004495a9","hash":"10d36de75421bd09ddb6cd7dc0da08f057c58a50"}
,"/home/rafaelpalma/Documents/iweather/src/utils/isDayTime.ts": {"path":"/home/rafaelpalma/Documents/iweather/src/utils/isDayTime.ts","statementMap":{"0":{"start":{"line":2,"column":16},"end":{"line":2,"column":37}},"1":{"start":{"line":3,"column":2},"end":{"line":3,"column":33}}},"fnMap":{"0":{"name":"isDayTime","decl":{"start":{"line":1,"column":16},"end":{"line":1,"column":25}},"loc":{"start":{"line":1,"column":28},"end":{"line":4,"column":1}},"line":1}},"branchMap":{"0":{"loc":{"start":{"line":3,"column":9},"end":{"line":3,"column":32}},"type":"binary-expr","locations":[{"start":{"line":3,"column":9},"end":{"line":3,"column":18}},{"start":{"line":3,"column":22},"end":{"line":3,"column":32}}],"line":3}},"s":{"0":2,"1":2},"f":{"0":2},"b":{"0":[2,0]},"_coverageSchema":"1a1c01bbd47fc00a2c39e90264f33305004495a9","hash":"401a2bfbbd29d126382c5b352cb8a2e1c4f787d8"}
,"/home/rafaelpalma/Documents/iweather/src/utils/weatherIcons.ts": {"path":"/home/rafaelpalma/Documents/iweather/src/utils/weatherIcons.ts","statementMap":{"0":{"start":{"line":20,"column":28},"end":{"line":49,"column":1}}},"fnMap":{},"branchMap":{},"s":{"0":2},"f":{},"b":{},"_coverageSchema":"1a1c01bbd47fc00a2c39e90264f33305004495a9","hash":"c4c5c8f117c95ccdc8a6dfe3830d2d0301873b52"}
}
