TN:
SF:src/assets/background.png
FNF:0
FNH:0
DA:1,1
LF:1
LH:1
BRF:0
BRH:0
end_of_record
TN:
SF:src/assets/bg_clear_day.png
FNF:0
FNH:0
DA:1,2
LF:1
LH:1
BRF:0
BRH:0
end_of_record
TN:
SF:src/assets/bg_clear_night.png
FNF:0
FNH:0
DA:1,2
LF:1
LH:1
BRF:0
BRH:0
end_of_record
TN:
SF:src/assets/bg_cloudy_day.png
FNF:0
FNH:0
DA:1,2
LF:1
LH:1
BRF:0
BRH:0
end_of_record
TN:
SF:src/assets/bg_cloudy_night.png
FNF:0
FNH:0
DA:1,2
LF:1
LH:1
BRF:0
BRH:0
end_of_record
TN:
SF:src/assets/bg_rain_day.png
FNF:0
FNH:0
DA:1,2
LF:1
LH:1
BRF:0
BRH:0
end_of_record
TN:
SF:src/assets/bg_rain_night.png
FNF:0
FNH:0
DA:1,2
LF:1
LH:1
BRF:0
BRH:0
end_of_record
TN:
SF:src/assets/bg_snow_day.png
FNF:0
FNH:0
DA:1,2
LF:1
LH:1
BRF:0
BRH:0
end_of_record
TN:
SF:src/assets/bg_snow_night.png
FNF:0
FNH:0
DA:1,2
LF:1
LH:1
BRF:0
BRH:0
end_of_record
TN:
SF:src/assets/clear_day.svg
FN:3,SvgClear_day
FNF:1
FNH:1
FNDA:6,SvgClear_day
DA:2,4
DA:4,6
DA:9,4
LF:3
LH:3
BRF:0
BRH:0
end_of_record
TN:
SF:src/assets/clear_night.svg
FN:3,SvgClear_night
FNF:1
FNH:0
FNDA:0,SvgClear_night
DA:2,2
DA:4,0
DA:9,2
LF:3
LH:2
BRF:0
BRH:0
end_of_record
TN:
SF:src/assets/cloudy_day.svg
FN:3,SvgCloudy_day
FNF:1
FNH:0
FNDA:0,SvgCloudy_day
DA:2,2
DA:4,0
DA:9,2
LF:3
LH:2
BRF:0
BRH:0
end_of_record
TN:
SF:src/assets/cloudy_night.svg
FN:3,SvgCloudy_night
FNF:1
FNH:0
FNDA:0,SvgCloudy_night
DA:2,2
DA:4,0
DA:9,2
LF:3
LH:2
BRF:0
BRH:0
end_of_record
TN:
SF:src/assets/drop.svg
FN:3,SvgDrop
FNF:1
FNH:0
FNDA:0,SvgDrop
DA:2,1
DA:4,0
DA:9,1
LF:3
LH:2
BRF:0
BRH:0
end_of_record
TN:
SF:src/assets/logo.svg
FN:3,SvgLogo
FNF:1
FNH:1
FNDA:2,SvgLogo
DA:2,1
DA:4,2
DA:9,1
LF:3
LH:3
BRF:0
BRH:0
end_of_record
TN:
SF:src/assets/rain.svg
FN:3,SvgRain
FNF:1
FNH:0
FNDA:0,SvgRain
DA:2,1
DA:4,0
DA:9,1
LF:3
LH:2
BRF:0
BRH:0
end_of_record
TN:
SF:src/assets/rain_moment_day.svg
FN:3,SvgRain_moment_day
FNF:1
FNH:0
FNDA:0,SvgRain_moment_day
DA:2,2
DA:4,0
DA:9,2
LF:3
LH:2
BRF:0
BRH:0
end_of_record
TN:
SF:src/assets/snow_day.svg
FN:3,SvgSnow_day
FNF:1
FNH:0
FNDA:0,SvgSnow_day
DA:2,2
DA:4,0
DA:9,2
LF:3
LH:2
BRF:0
BRH:0
end_of_record
TN:
SF:src/assets/snow_night.svg
FN:3,SvgSnow_night
FNF:1
FNH:0
FNDA:0,SvgSnow_night
DA:2,2
DA:4,0
DA:9,2
LF:3
LH:2
BRF:0
BRH:0
end_of_record
TN:
SF:src/assets/sun.svg
FN:3,SvgSun
FNF:1
FNH:0
FNDA:0,SvgSun
DA:2,1
DA:4,0
DA:9,1
LF:3
LH:2
BRF:0
BRH:0
end_of_record
TN:
SF:src/assets/thermometer.svg
FN:3,SvgThermometer
FNF:1
FNH:0
FNDA:0,SvgThermometer
DA:2,1
DA:4,0
DA:9,1
LF:3
LH:2
BRF:0
BRH:0
end_of_record
TN:
SF:src/assets/wind.svg
FN:3,SvgWind
FNF:1
FNH:0
FNDA:0,SvgWind
DA:2,1
DA:4,0
DA:9,1
LF:3
LH:2
BRF:0
BRH:0
end_of_record
TN:
SF:src/components/Day/index.tsx
FN:18,Day
FNF:1
FNH:1
FNDA:6,Day
DA:19,6
DA:21,6
LF:2
LH:2
BRF:0
BRH:0
end_of_record
TN:
SF:src/components/Day/styles.ts
FNF:0
FNH:0
DA:4,3
LF:1
LH:1
BRF:0
BRH:0
end_of_record
TN:
SF:src/components/Input/index.tsx
FN:10,Input
FNF:1
FNH:1
FNDA:6,Input
DA:11,6
LF:1
LH:1
BRDA:10,0,0,3
BRDA:20,1,0,6
BRDA:20,1,1,1
BRF:3
BRH:3
end_of_record
TN:
SF:src/components/Input/styles.ts
FNF:0
FNH:0
DA:4,3
LF:1
LH:1
BRF:0
BRH:0
end_of_record
TN:
SF:src/components/Loading/index.tsx
FN:6,Loading
FNF:1
FNH:1
FNDA:1,Loading
DA:7,1
LF:1
LH:1
BRF:0
BRH:0
end_of_record
TN:
SF:src/components/Loading/styles.ts
FNF:0
FNH:0
DA:4,2
LF:1
LH:1
BRF:0
BRH:0
end_of_record
TN:
SF:src/components/NextDays/index.tsx
FN:11,NextDays
FN:16,(anonymous_1)
FNF:2
FNH:2
FNDA:1,NextDays
FNDA:5,(anonymous_1)
DA:12,1
DA:13,1
DA:17,5
LF:3
LH:3
BRF:0
BRH:0
end_of_record
TN:
SF:src/components/NextDays/styles.ts
FNF:0
FNH:0
DA:4,2
LF:1
LH:1
BRF:0
BRH:0
end_of_record
TN:
SF:src/components/SelectList/index.tsx
FN:16,SelectList
FN:29,(anonymous_1)
FN:33,(anonymous_2)
FNF:3
FNH:3
FNDA:4,SelectList
FNDA:3,(anonymous_1)
FNDA:1,(anonymous_2)
DA:18,4
DA:30,3
DA:33,1
LF:3
LH:3
BRF:0
BRH:0
end_of_record
TN:
SF:src/components/SelectList/styles.ts
FNF:0
FNH:0
DA:4,2
LF:1
LH:1
BRF:0
BRH:0
end_of_record
TN:
SF:src/components/WeatherDetails/index.tsx
FN:25,WeatherDetails
FNF:1
FNH:0
FNDA:0,WeatherDetails
DA:26,0
LF:1
LH:0
BRF:0
BRH:0
end_of_record
TN:
SF:src/components/WeatherDetails/styles.ts
FNF:0
FNH:0
DA:4,1
LF:1
LH:1
BRF:0
BRH:0
end_of_record
TN:
SF:src/components/WeatherItem/index.tsx
FN:13,WeatherItem
FNF:1
FNH:0
FNDA:0,WeatherItem
DA:14,0
DA:15,0
DA:16,0
DA:17,0
DA:18,0
LF:5
LH:0
BRDA:13,0,0,0
BRDA:19,1,0,0
BRDA:19,1,1,0
BRF:3
BRH:0
end_of_record
TN:
SF:src/components/WeatherItem/styles.ts
FNF:0
FNH:0
DA:4,1
LF:1
LH:1
BRF:0
BRH:0
end_of_record
TN:
SF:src/components/WeatherToday/index.tsx
FN:22,WeatherToday
FNF:1
FNH:0
FNDA:0,WeatherToday
DA:23,0
DA:24,0
DA:26,0
DA:27,0
DA:29,0
LF:5
LH:0
BRDA:26,0,0,0
BRDA:26,0,1,0
BRDA:27,1,0,0
BRDA:27,1,1,0
BRF:4
BRH:0
end_of_record
TN:
SF:src/components/WeatherToday/styles.ts
FNF:0
FNH:0
DA:4,1
LF:1
LH:1
BRF:0
BRH:0
end_of_record
TN:
SF:src/contexts/CityContext.tsx
FN:18,CityProvider
FN:22,handleChanceCity
FN:32,(anonymous_2)
FN:38,(anonymous_3)
FN:39,(anonymous_4)
FNF:5
FNH:5
FNDA:6,CityProvider
FNDA:1,handleChanceCity
FNDA:2,(anonymous_2)
FNDA:2,(anonymous_3)
FNDA:2,(anonymous_4)
DA:16,2
DA:19,6
DA:20,6
DA:23,1
DA:24,1
DA:26,1
DA:27,1
DA:29,1
DA:32,6
DA:33,2
DA:35,2
DA:37,2
DA:38,2
DA:39,2
DA:42,6
LF:15
LH:15
BRF:0
BRH:0
end_of_record
TN:
SF:src/hooks/useCity.ts
FN:5,useCity
FNF:1
FNH:1
FNDA:7,useCity
DA:6,7
DA:8,7
LF:2
LH:2
BRF:0
BRH:0
end_of_record
TN:
SF:src/libs/asyncStorage/cityStorage.ts
FN:6,getStorageCity
FN:14,saveStorageCity
FN:18,removeStorageCity
FNF:3
FNH:3
FNDA:5,getStorageCity
FNDA:3,saveStorageCity
FNDA:3,removeStorageCity
DA:4,3
DA:7,5
DA:9,5
DA:11,5
DA:15,3
DA:19,3
LF:6
LH:6
BRDA:9,0,0,1
BRDA:9,0,1,4
BRF:2
BRH:2
end_of_record
TN:
SF:src/routes/app.routes.tsx
FN:8,AppRoutes
FNF:1
FNH:1
FNDA:2,AppRoutes
DA:6,1
DA:9,2
LF:2
LH:2
BRF:0
BRH:0
end_of_record
TN:
SF:src/routes/index.tsx
FN:11,Routes
FNF:1
FNH:1
FNDA:2,Routes
DA:12,2
DA:13,2
DA:15,2
LF:3
LH:3
BRDA:18,0,0,0
BRDA:18,0,1,2
BRF:2
BRH:1
end_of_record
TN:
SF:src/screens/Dashboard/index.tsx
FN:16,Dashboard
FN:25,handleSelect
FN:31,getWeatherDetails
FN:45,getCities
FN:54,(anonymous_4)
FN:60,(anonymous_5)
FN:62,(anonymous_6)
FN:65,(anonymous_7)
FNF:8
FNH:0
FNDA:0,Dashboard
FNDA:0,handleSelect
FNDA:0,getWeatherDetails
FNDA:0,getCities
FNDA:0,(anonymous_4)
FNDA:0,(anonymous_5)
FNDA:0,(anonymous_6)
FNDA:0,(anonymous_7)
DA:17,0
DA:18,0
DA:19,0
DA:20,0
DA:21,0
DA:23,0
DA:26,0
DA:27,0
DA:28,0
DA:32,0
DA:33,0
DA:36,0
DA:38,0
DA:39,0
DA:41,0
DA:42,0
DA:46,0
DA:48,0
DA:50,0
DA:51,0
DA:54,0
DA:55,0
DA:56,0
DA:59,0
DA:60,0
DA:62,0
DA:65,0
DA:66,0
DA:69,0
DA:70,0
DA:73,0
LF:31
LH:0
BRDA:32,0,0,0
BRDA:32,0,1,0
BRDA:55,1,0,0
BRDA:55,1,1,0
BRDA:69,2,0,0
BRDA:69,2,1,0
BRDA:69,3,0,0
BRDA:69,3,1,0
BRDA:69,3,2,0
BRF:9
BRH:0
end_of_record
TN:
SF:src/screens/Dashboard/styles.ts
FNF:0
FNH:0
DA:4,1
LF:1
LH:1
BRF:0
BRH:0
end_of_record
TN:
SF:src/screens/Search/index.tsx
FN:13,Search
FN:20,getCities
FN:29,(anonymous_2)
FN:34,(anonymous_3)
FN:36,(anonymous_4)
FNF:5
FNH:2
FNDA:2,Search
FNDA:0,getCities
FNDA:1,(anonymous_2)
FNDA:0,(anonymous_3)
FNDA:0,(anonymous_4)
DA:14,2
DA:15,2
DA:16,2
DA:18,2
DA:21,0
DA:23,0
DA:25,0
DA:26,0
DA:29,2
DA:30,1
DA:31,1
DA:34,0
DA:36,0
DA:39,2
LF:14
LH:8
BRDA:30,0,0,1
BRDA:30,0,1,0
BRF:2
BRH:1
end_of_record
TN:
SF:src/screens/Search/styles.ts
FNF:0
FNH:0
DA:4,1
DA:6,1
LF:2
LH:2
BRF:0
BRH:0
end_of_record
TN:
SF:src/services/api.ts
FNF:0
FNH:0
DA:3,3
LF:1
LH:1
BRF:0
BRH:0
end_of_record
TN:
SF:src/services/getCityByNameService.ts
FN:22,getCityByNameService
FNF:1
FNH:1
FNDA:1,getCityByNameService
DA:23,1
DA:24,1
DA:26,1
DA:33,1
DA:35,0
LF:5
LH:4
BRDA:28,0,0,1
BRDA:28,0,1,0
BRF:2
BRH:1
end_of_record
TN:
SF:src/services/getWeatherByCityService.ts
FN:45,getWeatherByCityService
FN:76,(anonymous_1)
FNF:2
FNH:2
FNDA:1,getWeatherByCityService
FNDA:2,(anonymous_1)
DA:49,1
DA:53,1
DA:55,1
DA:72,1
DA:73,1
DA:74,1
DA:76,1
DA:77,2
DA:79,2
DA:80,1
DA:82,1
DA:84,1
DA:86,1
DA:96,1
LF:14
LH:14
BRDA:79,0,0,1
BRDA:79,0,1,1
BRDA:79,1,0,2
BRDA:79,1,1,2
BRF:4
BRH:4
end_of_record
TN:
SF:src/styles/theme.ts
FNF:0
FNH:0
DA:1,6
LF:1
LH:1
BRF:0
BRH:0
end_of_record
TN:
SF:src/utils/getNextDays.ts
FN:3,getNextDays
FNF:1
FNH:1
FNDA:2,getNextDays
DA:4,2
DA:5,2
DA:7,2
DA:8,10
DA:10,10
DA:12,10
DA:15,2
LF:7
LH:7
BRF:0
BRH:0
end_of_record
TN:
SF:src/utils/isDayTime.ts
FN:1,isDayTime
FNF:1
FNH:1
FNDA:2,isDayTime
DA:2,2
DA:3,2
LF:2
LH:2
BRDA:3,0,0,2
BRDA:3,0,1,0
BRF:2
BRH:1
end_of_record
TN:
SF:src/utils/weatherIcons.ts
FNF:0
FNH:0
DA:20,2
LF:1
LH:1
BRF:0
BRH:0
end_of_record
